\BOOKMARK [1][-]{section.1}{\376\377\127\372\147\054\151\202\137\365\124\214\213\260\123\367}{}% 1
\BOOKMARK [2][-]{subsection.1.1}{\376\377\145\160\127\337\116\016\163\257}{section.1}% 2
\BOOKMARK [2][-]{subsection.1.2}{\376\377\176\277\140\047\145\271\172\013\176\304}{section.1}% 3
\BOOKMARK [2][-]{subsection.1.3}{\376\377\167\351\226\065}{section.1}% 4
\BOOKMARK [2][-]{subsection.1.4}{\376\377\131\032\230\171\137\017\164\006\213\272}{section.1}% 5
\BOOKMARK [1][-]{section.2}{\376\377\167\351\226\065\166\204\217\320\173\227\000,\000\040\123\330\143\142\124\214\140\047\215\050}{}% 6
\BOOKMARK [2][-]{subsection.2.1}{\376\377\167\351\226\065\166\204\127\372\147\054\217\320\173\227}{section.2}% 7
\BOOKMARK [2][-]{subsection.2.2}{\376\377\167\351\226\065\166\204\217\154\177\156\116\016\217\371}{section.2}% 8
\BOOKMARK [2][-]{subsection.2.3}{\376\377\145\271\226\065\166\204\210\114\122\027\137\017}{section.2}% 9
\BOOKMARK [2][-]{subsection.2.4}{\376\377\167\351\226\065\166\204\171\351}{section.2}% 10
\BOOKMARK [2][-]{subsection.2.5}{\376\377\167\351\226\065\166\204\122\035\173\111\123\330\143\142}{section.2}% 11
\BOOKMARK [2][-]{subsection.2.6}{\376\377\167\351\226\065\116\016\176\277\140\047\145\271\172\013\176\304}{section.2}% 12
\BOOKMARK [2][-]{subsection.2.7}{\376\377\123\357\220\006\167\351\226\065\000\050\220\006\167\351\226\065\000\051}{section.2}% 13
\BOOKMARK [3][-]{subsubsection.2.7.1}{\376\377\133\232\116\111\116\016\122\044\122\053}{subsection.2.7}% 14
\BOOKMARK [3][-]{subsubsection.2.7.2}{\376\377\220\006\167\351\226\065\166\204\140\047\215\050}{subsection.2.7}% 15
\BOOKMARK [3][-]{subsubsection.2.7.3}{\376\377\117\064\226\217\167\351\226\065\000\040\000\050\000A\000d\000j\000u\000g\000a\000t\000e\000\040\000M\000a\000t\000r\000i\000x\000\051}{subsection.2.7}% 16
\BOOKMARK [3][-]{subsubsection.2.7.4}{\376\377\220\006\167\351\226\065\166\204\154\102\154\325}{subsection.2.7}% 17
\BOOKMARK [2][-]{subsection.2.8}{\376\377\122\006\127\127\167\351\226\065\116\016\232\330\176\247\116\343\145\160\142\200\135\347}{section.2}% 18
\BOOKMARK [1][-]{section.3}{\376\377\124\021\221\317\116\016\176\277\140\047\145\271\172\013\176\304\211\343\166\204\176\323\147\204}{}% 19
\BOOKMARK [2][-]{subsection.3.1}{\376\377\124\021\221\317\000\050\176\304\000\051\166\204\151\202\137\365\124\214\133\232\116\111}{section.3}% 20
\BOOKMARK [2][-]{subsection.3.2}{\376\377\237\120\153\041\145\271\172\013\176\304\211\343\166\204\176\323\147\204}{section.3}% 21
\BOOKMARK [2][-]{subsection.3.3}{\376\377\227\136\237\120\153\041\145\271\172\013\176\304\211\343\166\204\176\323\147\204}{section.3}% 22
\BOOKMARK [1][-]{section.4}{\376\377\176\277\140\047\172\172\225\364\116\016\176\277\140\047\123\330\143\142}{}% 23
\BOOKMARK [2][-]{subsection.4.1}{\376\377\176\277\140\047\172\172\225\364\166\204\127\372\147\054\151\202\137\365}{section.4}% 24
\BOOKMARK [3][-]{subsubsection.4.1.1}{\376\377\133\120\172\172\225\364\166\204\116\244\060\001\124\214\116\016\166\364\124\214}{subsection.4.1}% 25
\BOOKMARK [2][-]{subsection.4.2}{\376\377\133\371\120\166\172\172\225\364\116\016\176\277\140\047\154\333\121\375}{section.4}% 26
\BOOKMARK [2][-]{subsection.4.3}{\376\377\127\372\123\330\143\142\116\016\127\120\150\007\123\330\143\142}{section.4}% 27
\BOOKMARK [2][-]{subsection.4.4}{\376\377\176\277\140\047\123\330\143\142\123\312\121\166\167\351\226\065\210\150\171\072}{section.4}% 28
\BOOKMARK [2][-]{subsection.4.5}{\376\377\166\370\117\074\133\371\211\322\123\026}{section.4}% 29
\BOOKMARK [2][-]{subsection.4.6}{\376\377\153\047\154\017\172\172\225\364}{section.4}% 30
\BOOKMARK [3][-]{subsubsection.4.6.1}{\376\377\153\143\116\244\127\372\116\016\153\143\116\244\123\026}{subsection.4.6}% 31
\BOOKMARK [2][-]{subsection.4.7}{\376\377\133\236\133\371\171\360\167\351\226\065\166\204\153\143\116\244\166\370\117\074\133\371\211\322\123\026}{section.4}% 32
\BOOKMARK [2][-]{subsection.4.8}{\376\377\116\015\123\330\133\120\172\172\225\364\116\016\000\040\000C\000a\000y\000l\000e\000y\000-\000H\000a\000m\000i\000l\000t\000o\000n\000\040\133\232\164\006}{section.4}% 33
\BOOKMARK [2][-]{subsection.4.9}{\376\377\167\351\226\065\121\375\145\160\116\016\211\343\147\220\142\323\134\125}{section.4}% 34
\BOOKMARK [2][-]{subsection.4.10}{\376\377\176\277\140\047\123\330\143\142\166\204\155\361\134\102\143\242\213\250\377\032\121\340\117\125\176\323\147\204\116\016\000J\000o\000r\000d\000a\000n\150\007\121\306\127\213}{section.4}% 35
\BOOKMARK [3][-]{subsubsection.4.10.1}{\376\377\142\225\137\161\123\330\143\142\116\016\153\143\116\244\142\225\137\161}{subsection.4.10}% 36
\BOOKMARK [3][-]{subsubsection.4.10.2}{\376\377\153\143\116\244\123\330\143\142\377\032\225\134\120\317\116\016\145\313\217\154}{subsection.4.10}% 37
\BOOKMARK [3][-]{subsubsection.4.10.3}{\376\377\131\015\162\171\137\201\120\074\116\016\133\236\000J\000o\000r\000d\000a\000n\150\007\121\306\127\213}{subsection.4.10}% 38
\BOOKMARK [2][-]{subsection.4.11}{\376\377\116\214\153\041\127\213\225\356\230\230}{section.4}% 39
\BOOKMARK [2][-]{subsection.4.12}{\376\377\140\357\140\047\133\232\164\006\124\214\153\143\133\232\116\214\153\041\127\213}{section.4}% 40
\BOOKMARK [1][-]{section.5}{\376\377\167\351\226\065\166\204\131\032\171\315\122\006\211\343}{}% 41
\BOOKMARK [2][-]{subsection.5.1}{\376\377\156\341\171\351\122\006\211\343}{section.5}% 42
\BOOKMARK [2][-]{subsection.5.2}{\376\377\000L\000U\122\006\211\343\000\050\116\011\211\322\122\006\211\343\000\051}{section.5}% 43
\BOOKMARK [2][-]{subsection.5.3}{\376\377\000C\000h\000o\000l\000e\000s\000k\000y\122\006\211\343}{section.5}% 44
\BOOKMARK [1][-]{section.6}{\376\377\121\150\116\146\140\073\176\323}{}% 45
\BOOKMARK [2][-]{subsection.6.1}{\376\377\176\277\140\047\121\154\164\006}{section.6}% 46
\BOOKMARK [2][-]{subsection.6.2}{\376\377\171\351\000-\226\366\123\026\136\246\133\232\164\006\166\204\131\032\171\315\210\150\171\072\137\142\137\017}{section.6}% 47
\BOOKMARK [2][-]{subsection.6.3}{\376\377\171\351\166\204\131\032\171\315\124\053\116\111}{section.6}% 48
